<?xml version="1.0" encoding="UTF-8"?>
<!-- Generated by org.testng.reporters.JUnitReportReporter -->
<testsuite hostname="DESKTOP-G4SFOP7" failures="0" tests="3" name="Tests.HomePageTest" time="41.623" errors="1" timestamp="2022-09-01T11:19:47 IDT" skipped="0">
  <testcase classname="Tests.HomePageTest" name="testCaseCategoryNames" time="16.507"/>
  <system-out/>
  <testcase classname="Tests.HomePageTest" name="testSearchProduct" time="16.720"/>
  <system-out/>
  <testcase classname="Tests.HomePageTest" name="testEnterShoopingCart" time="8.396">
    <error message="element click intercepted: Element &lt;a href=&quot;/cart&quot; is=&quot;toggle-link&quot; aria-controls=&quot;mini-cart&quot; aria-expanded=&quot;true&quot; class=&quot;header__icon-wrapper tap-area &quot; aria-label=&quot;סל הקניות&quot; data-no-instant=&quot;&quot;&gt;...&lt;/a&gt; is not clickable at point (50, 118). Other element would receive the click: &lt;cart-drawer section=&quot;mini-cart&quot; id=&quot;mini-cart&quot; class=&quot;mini-cart drawer drawer--large&quot; open=&quot;&quot;&gt;...&lt;/cart-drawer&gt;
  (Session info: chrome=105.0.5195.52)
Build info: version: &#039;4.1.3&#039;, revision: &#039;7b1ebf28ef&#039;
System info: host: &#039;DESKTOP-G4SFOP7&#039;, ip: &#039;172.27.224.1&#039;, os.name: &#039;Windows 11&#039;, os.arch: &#039;amd64&#039;, os.version: &#039;10.0&#039;, java.version: &#039;17.0.3&#039;
Driver info: org.openqa.selenium.chrome.ChromeDriver
Command: [2d5cbd518bdc25c87b2c970325260559, clickElement {id=2ff11682-4bf6-4567-a63a-d7335d80232f}]
Capabilities {acceptInsecureCerts: false, browserName: chrome, browserVersion: 105.0.5195.52, chrome: {chromedriverVersion: 105.0.5195.52 (412c95e51883..., userDataDir: C:\Users\shay-lee\AppData\L...}, goog:chromeOptions: {debuggerAddress: localhost:60784}, javascriptEnabled: true, networkConnectionEnabled: false, pageLoadStrategy: normal, platform: WINDOWS, platformName: WINDOWS, proxy: Proxy(), se:cdp: ws://localhost:60784/devtoo..., se:cdpVersion: 105.0.5195.52, setWindowRect: true, strictFileInteractability: false, timeouts: {implicit: 0, pageLoad: 300000, script: 30000}, unhandledPromptBehavior: dismiss and notify, webauthn:extension:credBlob: true, webauthn:extension:largeBlob: true, webauthn:virtualAuthenticators: true}
Element: [[ChromeDriver: chrome on WINDOWS (2d5cbd518bdc25c87b2c970325260559)] -&gt; xpath: //a[@href=&#039;/cart&#039;]]
Session ID: 2d5cbd518bdc25c87b2c970325260559" type="org.openqa.selenium.ElementClickInterceptedException">
      <![CDATA[org.openqa.selenium.ElementClickInterceptedException: element click intercepted: Element <a href="/cart" is="toggle-link" aria-controls="mini-cart" aria-expanded="true" class="header__icon-wrapper tap-area " aria-label="סל הקניות" data-no-instant="">...</a> is not clickable at point (50, 118). Other element would receive the click: <cart-drawer section="mini-cart" id="mini-cart" class="mini-cart drawer drawer--large" open="">...</cart-drawer>
  (Session info: chrome=105.0.5195.52)
Build info: version: '4.1.3', revision: '7b1ebf28ef'
System info: host: 'DESKTOP-G4SFOP7', ip: '172.27.224.1', os.name: 'Windows 11', os.arch: 'amd64', os.version: '10.0', java.version: '17.0.3'
Driver info: org.openqa.selenium.chrome.ChromeDriver
Command: [2d5cbd518bdc25c87b2c970325260559, clickElement {id=2ff11682-4bf6-4567-a63a-d7335d80232f}]
Capabilities {acceptInsecureCerts: false, browserName: chrome, browserVersion: 105.0.5195.52, chrome: {chromedriverVersion: 105.0.5195.52 (412c95e51883..., userDataDir: C:\Users\shay-lee\AppData\L...}, goog:chromeOptions: {debuggerAddress: localhost:60784}, javascriptEnabled: true, networkConnectionEnabled: false, pageLoadStrategy: normal, platform: WINDOWS, platformName: WINDOWS, proxy: Proxy(), se:cdp: ws://localhost:60784/devtoo..., se:cdpVersion: 105.0.5195.52, setWindowRect: true, strictFileInteractability: false, timeouts: {implicit: 0, pageLoad: 300000, script: 30000}, unhandledPromptBehavior: dismiss and notify, webauthn:extension:credBlob: true, webauthn:extension:largeBlob: true, webauthn:virtualAuthenticators: true}
Element: [[ChromeDriver: chrome on WINDOWS (2d5cbd518bdc25c87b2c970325260559)] -> xpath: //a[@href='/cart']]
Session ID: 2d5cbd518bdc25c87b2c970325260559
at java.base/jdk.internal.reflect.NativeConstructorAccessorImpl.newInstance0(Native Method)
at java.base/jdk.internal.reflect.NativeConstructorAccessorImpl.newInstance(NativeConstructorAccessorImpl.java:77)
at java.base/jdk.internal.reflect.DelegatingConstructorAccessorImpl.newInstance(DelegatingConstructorAccessorImpl.java:45)
at java.base/java.lang.reflect.Constructor.newInstanceWithCaller(Constructor.java:499)
at java.base/java.lang.reflect.Constructor.newInstance(Constructor.java:480)
at org.openqa.selenium.remote.codec.w3c.W3CHttpResponseCodec.createException(W3CHttpResponseCodec.java:200)
at org.openqa.selenium.remote.codec.w3c.W3CHttpResponseCodec.decode(W3CHttpResponseCodec.java:133)
at org.openqa.selenium.remote.codec.w3c.W3CHttpResponseCodec.decode(W3CHttpResponseCodec.java:53)
at org.openqa.selenium.remote.HttpCommandExecutor.execute(HttpCommandExecutor.java:184)
at org.openqa.selenium.remote.service.DriverCommandExecutor.invokeExecute(DriverCommandExecutor.java:167)
at org.openqa.selenium.remote.service.DriverCommandExecutor.execute(DriverCommandExecutor.java:142)
at org.openqa.selenium.remote.RemoteWebDriver.execute(RemoteWebDriver.java:567)
at org.openqa.selenium.remote.RemoteWebElement.execute(RemoteWebElement.java:251)
at org.openqa.selenium.remote.RemoteWebElement.click(RemoteWebElement.java:77)
at Pages.HomePage.enterShoppingCart(HomePage.java:115)
at Pages.HomePage.checkOpenShoppingCart(HomePage.java:121)
at Tests.HomePageTest.testEnterShoopingCart(HomePageTest.java:51)
at java.base/jdk.internal.reflect.NativeMethodAccessorImpl.invoke0(Native Method)
at java.base/jdk.internal.reflect.NativeMethodAccessorImpl.invoke(NativeMethodAccessorImpl.java:77)
at java.base/jdk.internal.reflect.DelegatingMethodAccessorImpl.invoke(DelegatingMethodAccessorImpl.java:43)
at java.base/java.lang.reflect.Method.invoke(Method.java:568)
at org.testng.internal.MethodInvocationHelper.invokeMethod(MethodInvocationHelper.java:133)
at org.testng.internal.TestInvoker.invokeMethod(TestInvoker.java:598)
at org.testng.internal.TestInvoker.invokeTestMethod(TestInvoker.java:173)
at org.testng.internal.MethodRunner.runInSequence(MethodRunner.java:46)
at org.testng.internal.TestInvoker$MethodInvocationAgent.invoke(TestInvoker.java:824)
at org.testng.internal.TestInvoker.invokeTestMethods(TestInvoker.java:146)
at org.testng.internal.TestMethodWorker.invokeTestMethods(TestMethodWorker.java:146)
at org.testng.internal.TestMethodWorker.run(TestMethodWorker.java:128)
at java.base/java.util.ArrayList.forEach(ArrayList.java:1511)
at org.testng.TestRunner.privateRun(TestRunner.java:794)
at org.testng.TestRunner.run(TestRunner.java:596)
at org.testng.SuiteRunner.runTest(SuiteRunner.java:377)
at org.testng.SuiteRunner.runSequentially(SuiteRunner.java:371)
at org.testng.SuiteRunner.privateRun(SuiteRunner.java:332)
at org.testng.SuiteRunner.run(SuiteRunner.java:276)
at org.testng.SuiteRunnerWorker.runSuite(SuiteRunnerWorker.java:53)
at org.testng.SuiteRunnerWorker.run(SuiteRunnerWorker.java:96)
at org.testng.TestNG.runSuitesSequentially(TestNG.java:1212)
at org.testng.TestNG.runSuitesLocally(TestNG.java:1134)
at org.testng.TestNG.runSuites(TestNG.java:1063)
at org.testng.TestNG.run(TestNG.java:1031)
at org.testng.remote.AbstractRemoteTestNG.run(AbstractRemoteTestNG.java:115)
at org.testng.remote.RemoteTestNG.initAndRun(RemoteTestNG.java:251)
at org.testng.remote.RemoteTestNG.main(RemoteTestNG.java:77)
]]>
    </error>
  </testcase> <!-- testEnterShoopingCart -->
  <system-out/>
</testsuite> <!-- Tests.HomePageTest -->
